<?xml version="1.0" encoding="UTF-8"?>
<!-- Generated by org.testng.reporters.JUnitReportReporter -->
<testsuite hostname="KanthPC" failures="0" tests="1" name="com.myown.mySeleniumProject.AutomateAPI.AutomateAPI" time="1.727" errors="0" timestamp="26 Oct 2021 17:29:42 GMT" skipped="0">
  <testcase classname="com.myown.mySeleniumProject.AutomateAPI.AutomateAPI" name="APIresponse" time="1.727"/>
</testsuite> <!-- com.myown.mySeleniumProject.AutomateAPI.AutomateAPI -->
