<?xml version="1.0" encoding="UTF-8"?>
<!-- Generated by org.testng.reporters.JUnitReportReporter -->
<testsuite hostname="KanthPC" failures="0" tests="1" name="com.myown.mySeleniumProject.AutomateAPI.AutomateAPI" time="2.087" errors="0" timestamp="26 Oct 2021 21:07:38 GMT" skipped="0">
  <testcase classname="com.myown.mySeleniumProject.AutomateAPI.AutomateAPI" name="APIresponse" time="2.087"/>
</testsuite> <!-- com.myown.mySeleniumProject.AutomateAPI.AutomateAPI -->
